2024/08/31 05:17:46 [error] [exception.CHttpException.404] CHttpException: The system is unable to find the requested action "gii". in Z:\laragon\www\yii1\framework\web\CController.php:486
Stack trace:
#0 Z:\laragon\www\yii1\framework\web\CController.php(270): CController->missingAction('gii')
#1 Z:\laragon\www\yii1\framework\web\CWebApplication.php(282): CController->run('gii')
#2 Z:\laragon\www\yii1\framework\web\CWebApplication.php(141): CWebApplication->runController('site/gii')
#3 Z:\laragon\www\yii1\framework\base\CApplication.php(185): CWebApplication->processRequest()
#4 Z:\laragon\www\yii-blog\index.php(13): CApplication->run()
#5 {main}
REQUEST_URI=/index.php?r=site/gii
---
2024/08/31 05:29:29 [error] [exception.CDbException] CDbException: CDbConnection failed to open the DB connection: SQLSTATE[HY000] [1045] Access denied for user 'user_yii_blo'@'localhost' (using password: YES) in Z:\laragon\www\yii1\framework\db\CDbConnection.php:399
Stack trace:
#0 Z:\laragon\www\yii1\framework\db\CDbConnection.php(347): CDbConnection->open()
#1 Z:\laragon\www\yii1\framework\db\CDbConnection.php(325): CDbConnection->setActive(true)
#2 Z:\laragon\www\yii1\framework\base\CModule.php(394): CDbConnection->init()
#3 Z:\laragon\www\yii1\framework\base\CApplication.php(459): CModule->getComponent('db')
#4 Z:\laragon\www\yii1\framework\db\ar\CActiveRecord.php(639): CApplication->getDb()
#5 Z:\laragon\www\yii1\framework\db\ar\CActiveRecord.php(672): CActiveRecord->getDbConnection()
#6 Z:\laragon\www\yii1\framework\db\ar\CActiveRecord.php(1604): CActiveRecord->getCommandBuilder()
#7 Z:\laragon\www\yii1\framework\web\CActiveDataProvider.php(228): CActiveRecord->count(Object(CDbCriteria))
#8 Z:\laragon\www\yii1\framework\web\CDataProvider.php(224): CActiveDataProvider->calculateTotalItemCount()
#9 Z:\laragon\www\yii1\framework\web\CActiveDataProvider.php(178): CDataProvider->getTotalItemCount()
#10 Z:\laragon\www\yii1\framework\web\CDataProvider.php(168): CActiveDataProvider->fetchData()
#11 Z:\laragon\www\yii1\framework\zii\widgets\CBaseListView.php(125): CDataProvider->getData()
#12 Z:\laragon\www\yii1\framework\zii\widgets\CListView.php(211): CBaseListView->init()
#13 Z:\laragon\www\yii1\framework\web\CBaseController.php(147): CListView->init()
#14 Z:\laragon\www\yii1\framework\web\CBaseController.php(181): CBaseController->createWidget('zii.widgets.CLi...', Array)
#15 Z:\laragon\www\yii-blog\protected\views\post\index.php(17): CBaseController->widget('zii.widgets.CLi...', Array)
#16 Z:\laragon\www\yii1\framework\web\CBaseController.php(126): require('Z:\\laragon\\www\\...')
#17 Z:\laragon\www\yii1\framework\web\CBaseController.php(95): CBaseController->renderInternal('Z:\\laragon\\www\\...', Array, true)
#18 Z:\laragon\www\yii1\framework\web\CController.php(872): CBaseController->renderFile('Z:\\laragon\\www\\...', Array, true)
#19 Z:\laragon\www\yii1\framework\web\CController.php(785): CController->renderPartial('index', Array, true)
#20 Z:\laragon\www\yii-blog\protected\controllers\PostController.php(126): CController->render('index', Array)
#21 Z:\laragon\www\yii1\framework\web\actions\CInlineAction.php(49): PostController->actionIndex()
#22 Z:\laragon\www\yii1\framework\web\CController.php(308): CInlineAction->runWithParams(Array)
#23 Z:\laragon\www\yii1\framework\web\filters\CFilterChain.php(134): CController->runAction(Object(CInlineAction))
#24 Z:\laragon\www\yii1\framework\web\filters\CFilter.php(40): CFilterChain->run()
#25 Z:\laragon\www\yii1\framework\web\CController.php(1148): CFilter->filter(Object(CFilterChain))
#26 Z:\laragon\www\yii1\framework\web\filters\CInlineFilter.php(58): CController->filterAccessControl(Object(CFilterChain))
#27 Z:\laragon\www\yii1\framework\web\filters\CFilterChain.php(131): CInlineFilter->filter(Object(CFilterChain))
#28 Z:\laragon\www\yii1\framework\web\CController.php(291): CFilterChain->run()
#29 Z:\laragon\www\yii1\framework\web\CController.php(265): CController->runActionWithFilters(Object(CInlineAction), Array)
#30 Z:\laragon\www\yii1\framework\web\CWebApplication.php(282): CController->run('')
#31 Z:\laragon\www\yii1\framework\web\CWebApplication.php(141): CWebApplication->runController('post')
#32 Z:\laragon\www\yii1\framework\base\CApplication.php(185): CWebApplication->processRequest()
#33 Z:\laragon\www\yii-blog\index.php(13): CApplication->run()
#34 {main}
REQUEST_URI=/index.php?r=post
---
2024/08/31 07:53:34 [warning] [application] Failed to set unsafe attribute "create_time" of "Post".
in Z:\laragon\www\yii-blog\protected\controllers\PostController.php (72)
in Z:\laragon\www\yii-blog\index.php (13)
2024/08/31 07:53:34 [warning] [application] Failed to set unsafe attribute "update_time" of "Post".
in Z:\laragon\www\yii-blog\protected\controllers\PostController.php (72)
in Z:\laragon\www\yii-blog\index.php (13)
2024/08/31 07:53:34 [warning] [application] Failed to set unsafe attribute "author_id" of "Post".
in Z:\laragon\www\yii-blog\protected\controllers\PostController.php (72)
in Z:\laragon\www\yii-blog\index.php (13)
2024/08/31 07:53:40 [warning] [application] Failed to set unsafe attribute "create_time" of "Post".
in Z:\laragon\www\yii-blog\protected\controllers\PostController.php (72)
in Z:\laragon\www\yii-blog\index.php (13)
2024/08/31 07:53:40 [warning] [application] Failed to set unsafe attribute "update_time" of "Post".
in Z:\laragon\www\yii-blog\protected\controllers\PostController.php (72)
in Z:\laragon\www\yii-blog\index.php (13)
2024/08/31 07:53:40 [warning] [application] Failed to set unsafe attribute "author_id" of "Post".
in Z:\laragon\www\yii-blog\protected\controllers\PostController.php (72)
in Z:\laragon\www\yii-blog\index.php (13)
2024/08/31 08:14:45 [warning] [application] Failed to set unsafe attribute "create_time" of "Post".
in Z:\laragon\www\yii-blog\protected\controllers\PostController.php (72)
in Z:\laragon\www\yii-blog\index.php (13)
2024/08/31 08:14:45 [warning] [application] Failed to set unsafe attribute "update_time" of "Post".
in Z:\laragon\www\yii-blog\protected\controllers\PostController.php (72)
in Z:\laragon\www\yii-blog\index.php (13)
2024/08/31 08:14:45 [warning] [application] Failed to set unsafe attribute "author_id" of "Post".
in Z:\laragon\www\yii-blog\protected\controllers\PostController.php (72)
in Z:\laragon\www\yii-blog\index.php (13)
2024/08/31 08:14:45 [error] [system.db.CDbCommand] CDbCommand::execute() failed: SQLSTATE[HY000]: General error: 1364 Field 'author_id' doesn't have a default value. The SQL statement executed was: INSERT INTO `tbl_post` (`title`, `content`, `tags`, `status`) VALUES (:yp0, :yp1, :yp2, :yp3).
in Z:\laragon\www\yii-blog\protected\controllers\PostController.php (73)
in Z:\laragon\www\yii-blog\index.php (13)
2024/08/31 08:14:45 [error] [exception.CDbException] CDbException: CDbCommand failed to execute the SQL statement: SQLSTATE[HY000]: General error: 1364 Field 'author_id' doesn't have a default value. The SQL statement executed was: INSERT INTO `tbl_post` (`title`, `content`, `tags`, `status`) VALUES (:yp0, :yp1, :yp2, :yp3) in Z:\laragon\www\yii1\framework\db\CDbCommand.php:358
Stack trace:
#0 Z:\laragon\www\yii1\framework\db\ar\CActiveRecord.php(1083): CDbCommand->execute()
#1 Z:\laragon\www\yii1\framework\db\ar\CActiveRecord.php(811): CActiveRecord->insert(NULL)
#2 Z:\laragon\www\yii-blog\protected\controllers\PostController.php(73): CActiveRecord->save()
#3 Z:\laragon\www\yii1\framework\web\actions\CInlineAction.php(49): PostController->actionCreate()
#4 Z:\laragon\www\yii1\framework\web\CController.php(308): CInlineAction->runWithParams(Array)
#5 Z:\laragon\www\yii1\framework\web\filters\CFilterChain.php(134): CController->runAction(Object(CInlineAction))
#6 Z:\laragon\www\yii1\framework\web\filters\CFilter.php(40): CFilterChain->run()
#7 Z:\laragon\www\yii1\framework\web\CController.php(1148): CFilter->filter(Object(CFilterChain))
#8 Z:\laragon\www\yii1\framework\web\filters\CInlineFilter.php(58): CController->filterAccessControl(Object(CFilterChain))
#9 Z:\laragon\www\yii1\framework\web\filters\CFilterChain.php(131): CInlineFilter->filter(Object(CFilterChain))
#10 Z:\laragon\www\yii1\framework\web\CController.php(291): CFilterChain->run()
#11 Z:\laragon\www\yii1\framework\web\CController.php(265): CController->runActionWithFilters(Object(CInlineAction), Array)
#12 Z:\laragon\www\yii1\framework\web\CWebApplication.php(282): CController->run('create')
#13 Z:\laragon\www\yii1\framework\web\CWebApplication.php(141): CWebApplication->runController('post/create')
#14 Z:\laragon\www\yii1\framework\base\CApplication.php(185): CWebApplication->processRequest()
#15 Z:\laragon\www\yii-blog\index.php(13): CApplication->run()
#16 {main}
REQUEST_URI=/index.php?r=post/create
HTTP_REFERER=https://yii-blog.dev/index.php?r=post/create
---
2024/08/31 08:15:34 [warning] [application] Failed to set unsafe attribute "create_time" of "Post".
in Z:\laragon\www\yii-blog\protected\controllers\PostController.php (72)
in Z:\laragon\www\yii-blog\index.php (13)
2024/08/31 08:15:34 [warning] [application] Failed to set unsafe attribute "update_time" of "Post".
in Z:\laragon\www\yii-blog\protected\controllers\PostController.php (72)
in Z:\laragon\www\yii-blog\index.php (13)
2024/08/31 08:15:34 [warning] [application] Failed to set unsafe attribute "author_id" of "Post".
in Z:\laragon\www\yii-blog\protected\controllers\PostController.php (72)
in Z:\laragon\www\yii-blog\index.php (13)
2024/08/31 08:15:34 [error] [system.db.CDbCommand] CDbCommand::execute() failed: SQLSTATE[HY000]: General error: 1364 Field 'author_id' doesn't have a default value. The SQL statement executed was: INSERT INTO `tbl_post` (`title`, `content`, `tags`, `status`) VALUES (:yp0, :yp1, :yp2, :yp3).
in Z:\laragon\www\yii-blog\protected\controllers\PostController.php (73)
in Z:\laragon\www\yii-blog\index.php (13)
2024/08/31 08:15:34 [error] [exception.CDbException] CDbException: CDbCommand failed to execute the SQL statement: SQLSTATE[HY000]: General error: 1364 Field 'author_id' doesn't have a default value. The SQL statement executed was: INSERT INTO `tbl_post` (`title`, `content`, `tags`, `status`) VALUES (:yp0, :yp1, :yp2, :yp3) in Z:\laragon\www\yii1\framework\db\CDbCommand.php:358
Stack trace:
#0 Z:\laragon\www\yii1\framework\db\ar\CActiveRecord.php(1083): CDbCommand->execute()
#1 Z:\laragon\www\yii1\framework\db\ar\CActiveRecord.php(811): CActiveRecord->insert(NULL)
#2 Z:\laragon\www\yii-blog\protected\controllers\PostController.php(73): CActiveRecord->save()
#3 Z:\laragon\www\yii1\framework\web\actions\CInlineAction.php(49): PostController->actionCreate()
#4 Z:\laragon\www\yii1\framework\web\CController.php(308): CInlineAction->runWithParams(Array)
#5 Z:\laragon\www\yii1\framework\web\filters\CFilterChain.php(134): CController->runAction(Object(CInlineAction))
#6 Z:\laragon\www\yii1\framework\web\filters\CFilter.php(40): CFilterChain->run()
#7 Z:\laragon\www\yii1\framework\web\CController.php(1148): CFilter->filter(Object(CFilterChain))
#8 Z:\laragon\www\yii1\framework\web\filters\CInlineFilter.php(58): CController->filterAccessControl(Object(CFilterChain))
#9 Z:\laragon\www\yii1\framework\web\filters\CFilterChain.php(131): CInlineFilter->filter(Object(CFilterChain))
#10 Z:\laragon\www\yii1\framework\web\CController.php(291): CFilterChain->run()
#11 Z:\laragon\www\yii1\framework\web\CController.php(265): CController->runActionWithFilters(Object(CInlineAction), Array)
#12 Z:\laragon\www\yii1\framework\web\CWebApplication.php(282): CController->run('create')
#13 Z:\laragon\www\yii1\framework\web\CWebApplication.php(141): CWebApplication->runController('post/create')
#14 Z:\laragon\www\yii1\framework\base\CApplication.php(185): CWebApplication->processRequest()
#15 Z:\laragon\www\yii-blog\index.php(13): CApplication->run()
#16 {main}
REQUEST_URI=/index.php?r=post/create
HTTP_REFERER=https://yii-blog.dev/index.php?r=post/create
---
2024/08/31 08:19:14 [error] [system.db.CDbCommand] CDbCommand::execute() failed: SQLSTATE[HY000]: General error: 1364 Field 'author_id' doesn't have a default value. The SQL statement executed was: INSERT INTO `tbl_post` (`title`, `content`, `tags`, `status`) VALUES (:yp0, :yp1, :yp2, :yp3).
in Z:\laragon\www\yii-blog\protected\controllers\PostController.php (73)
in Z:\laragon\www\yii-blog\index.php (13)
2024/08/31 08:19:14 [error] [exception.CDbException] CDbException: CDbCommand failed to execute the SQL statement: SQLSTATE[HY000]: General error: 1364 Field 'author_id' doesn't have a default value. The SQL statement executed was: INSERT INTO `tbl_post` (`title`, `content`, `tags`, `status`) VALUES (:yp0, :yp1, :yp2, :yp3) in Z:\laragon\www\yii1\framework\db\CDbCommand.php:358
Stack trace:
#0 Z:\laragon\www\yii1\framework\db\ar\CActiveRecord.php(1083): CDbCommand->execute()
#1 Z:\laragon\www\yii1\framework\db\ar\CActiveRecord.php(811): CActiveRecord->insert(NULL)
#2 Z:\laragon\www\yii-blog\protected\controllers\PostController.php(73): CActiveRecord->save()
#3 Z:\laragon\www\yii1\framework\web\actions\CInlineAction.php(49): PostController->actionCreate()
#4 Z:\laragon\www\yii1\framework\web\CController.php(308): CInlineAction->runWithParams(Array)
#5 Z:\laragon\www\yii1\framework\web\filters\CFilterChain.php(134): CController->runAction(Object(CInlineAction))
#6 Z:\laragon\www\yii1\framework\web\filters\CFilter.php(40): CFilterChain->run()
#7 Z:\laragon\www\yii1\framework\web\CController.php(1148): CFilter->filter(Object(CFilterChain))
#8 Z:\laragon\www\yii1\framework\web\filters\CInlineFilter.php(58): CController->filterAccessControl(Object(CFilterChain))
#9 Z:\laragon\www\yii1\framework\web\filters\CFilterChain.php(131): CInlineFilter->filter(Object(CFilterChain))
#10 Z:\laragon\www\yii1\framework\web\CController.php(291): CFilterChain->run()
#11 Z:\laragon\www\yii1\framework\web\CController.php(265): CController->runActionWithFilters(Object(CInlineAction), Array)
#12 Z:\laragon\www\yii1\framework\web\CWebApplication.php(282): CController->run('create')
#13 Z:\laragon\www\yii1\framework\web\CWebApplication.php(141): CWebApplication->runController('post/create')
#14 Z:\laragon\www\yii1\framework\base\CApplication.php(185): CWebApplication->processRequest()
#15 Z:\laragon\www\yii-blog\index.php(13): CApplication->run()
#16 {main}
REQUEST_URI=/index.php?r=post/create
HTTP_REFERER=https://yii-blog.dev/index.php?r=post/create
---
2024/08/31 08:28:37 [error] [exception.CHttpException.403] CHttpException: You are not authorized to perform this action. in Z:\laragon\www\yii1\framework\web\auth\CAccessControlFilter.php:183
Stack trace:
#0 Z:\laragon\www\yii1\framework\web\auth\CAccessControlFilter.php(145): CAccessControlFilter->accessDenied(Object(CWebUser), 'You are not aut...')
#1 Z:\laragon\www\yii1\framework\web\filters\CFilter.php(38): CAccessControlFilter->preFilter(Object(CFilterChain))
#2 Z:\laragon\www\yii1\framework\web\CController.php(1148): CFilter->filter(Object(CFilterChain))
#3 Z:\laragon\www\yii1\framework\web\filters\CInlineFilter.php(58): CController->filterAccessControl(Object(CFilterChain))
#4 Z:\laragon\www\yii1\framework\web\filters\CFilterChain.php(131): CInlineFilter->filter(Object(CFilterChain))
#5 Z:\laragon\www\yii1\framework\web\CController.php(291): CFilterChain->run()
#6 Z:\laragon\www\yii1\framework\web\CController.php(265): CController->runActionWithFilters(Object(CInlineAction), Array)
#7 Z:\laragon\www\yii1\framework\web\CWebApplication.php(282): CController->run('admin')
#8 Z:\laragon\www\yii1\framework\web\CWebApplication.php(141): CWebApplication->runController('post/admin')
#9 Z:\laragon\www\yii1\framework\base\CApplication.php(185): CWebApplication->processRequest()
#10 Z:\laragon\www\yii-blog\index.php(13): CApplication->run()
#11 {main}
REQUEST_URI=/index.php?r=post/admin
---
2024/08/31 08:30:28 [warning] [application] Failed to set unsafe attribute "id" of "Post".
in Z:\laragon\www\yii-blog\protected\controllers\PostController.php (140)
in Z:\laragon\www\yii-blog\index.php (13)
2024/08/31 08:30:28 [warning] [application] Failed to set unsafe attribute "create_time" of "Post".
in Z:\laragon\www\yii-blog\protected\controllers\PostController.php (140)
in Z:\laragon\www\yii-blog\index.php (13)
2024/08/31 08:30:31 [warning] [application] Failed to set unsafe attribute "id" of "Post".
in Z:\laragon\www\yii-blog\protected\controllers\PostController.php (140)
in Z:\laragon\www\yii-blog\index.php (13)
2024/08/31 08:30:31 [warning] [application] Failed to set unsafe attribute "create_time" of "Post".
in Z:\laragon\www\yii-blog\protected\controllers\PostController.php (140)
in Z:\laragon\www\yii-blog\index.php (13)
2024/08/31 08:30:34 [warning] [application] Failed to set unsafe attribute "id" of "Post".
in Z:\laragon\www\yii-blog\protected\controllers\PostController.php (140)
in Z:\laragon\www\yii-blog\index.php (13)
2024/08/31 08:30:34 [warning] [application] Failed to set unsafe attribute "create_time" of "Post".
in Z:\laragon\www\yii-blog\protected\controllers\PostController.php (140)
in Z:\laragon\www\yii-blog\index.php (13)
2024/08/31 08:30:37 [warning] [application] Failed to set unsafe attribute "id" of "Post".
in Z:\laragon\www\yii-blog\protected\controllers\PostController.php (140)
in Z:\laragon\www\yii-blog\index.php (13)
2024/08/31 08:30:37 [warning] [application] Failed to set unsafe attribute "create_time" of "Post".
in Z:\laragon\www\yii-blog\protected\controllers\PostController.php (140)
in Z:\laragon\www\yii-blog\index.php (13)
2024/08/31 08:30:38 [warning] [application] Failed to set unsafe attribute "id" of "Post".
in Z:\laragon\www\yii-blog\protected\controllers\PostController.php (140)
in Z:\laragon\www\yii-blog\index.php (13)
2024/08/31 08:30:38 [warning] [application] Failed to set unsafe attribute "create_time" of "Post".
in Z:\laragon\www\yii-blog\protected\controllers\PostController.php (140)
in Z:\laragon\www\yii-blog\index.php (13)
2024/08/31 08:30:41 [warning] [application] Failed to set unsafe attribute "id" of "Post".
in Z:\laragon\www\yii-blog\protected\controllers\PostController.php (140)
in Z:\laragon\www\yii-blog\index.php (13)
2024/08/31 08:30:41 [warning] [application] Failed to set unsafe attribute "create_time" of "Post".
in Z:\laragon\www\yii-blog\protected\controllers\PostController.php (140)
in Z:\laragon\www\yii-blog\index.php (13)
2024/08/31 08:30:43 [warning] [application] Failed to set unsafe attribute "id" of "Post".
in Z:\laragon\www\yii-blog\protected\controllers\PostController.php (140)
in Z:\laragon\www\yii-blog\index.php (13)
2024/08/31 08:30:43 [warning] [application] Failed to set unsafe attribute "create_time" of "Post".
in Z:\laragon\www\yii-blog\protected\controllers\PostController.php (140)
in Z:\laragon\www\yii-blog\index.php (13)
2024/08/31 08:30:45 [warning] [application] Failed to set unsafe attribute "id" of "Post".
in Z:\laragon\www\yii-blog\protected\controllers\PostController.php (140)
in Z:\laragon\www\yii-blog\index.php (13)
2024/08/31 08:30:45 [warning] [application] Failed to set unsafe attribute "create_time" of "Post".
in Z:\laragon\www\yii-blog\protected\controllers\PostController.php (140)
in Z:\laragon\www\yii-blog\index.php (13)
2024/08/31 08:38:50 [error] [exception.ArgumentCountError] ArgumentCountError: Too few arguments to function PostController::loadModel(), 0 passed in Z:\laragon\www\yii-blog\protected\controllers\PostController.php on line 123 and exactly 1 expected in Z:\laragon\www\yii-blog\protected\controllers\PostController.php:166
Stack trace:
#0 Z:\laragon\www\yii-blog\protected\controllers\PostController.php(123): PostController->loadModel()
#1 Z:\laragon\www\yii1\framework\web\actions\CInlineAction.php(49): PostController->actionDelete()
#2 Z:\laragon\www\yii1\framework\web\CController.php(308): CInlineAction->runWithParams(Array)
#3 Z:\laragon\www\yii1\framework\web\filters\CFilterChain.php(134): CController->runAction(Object(CInlineAction))
#4 Z:\laragon\www\yii1\framework\web\CController.php(1119): CFilterChain->run()
#5 Z:\laragon\www\yii1\framework\web\filters\CInlineFilter.php(58): CController->filterPostOnly(Object(CFilterChain))
#6 Z:\laragon\www\yii1\framework\web\filters\CFilterChain.php(131): CInlineFilter->filter(Object(CFilterChain))
#7 Z:\laragon\www\yii1\framework\web\filters\CFilter.php(40): CFilterChain->run()
#8 Z:\laragon\www\yii1\framework\web\CController.php(1148): CFilter->filter(Object(CFilterChain))
#9 Z:\laragon\www\yii1\framework\web\filters\CInlineFilter.php(58): CController->filterAccessControl(Object(CFilterChain))
#10 Z:\laragon\www\yii1\framework\web\filters\CFilterChain.php(131): CInlineFilter->filter(Object(CFilterChain))
#11 Z:\laragon\www\yii1\framework\web\CController.php(291): CFilterChain->run()
#12 Z:\laragon\www\yii1\framework\web\CController.php(265): CController->runActionWithFilters(Object(CInlineAction), Array)
#13 Z:\laragon\www\yii1\framework\web\CWebApplication.php(282): CController->run('delete')
#14 Z:\laragon\www\yii1\framework\web\CWebApplication.php(141): CWebApplication->runController('post/delete')
#15 Z:\laragon\www\yii1\framework\base\CApplication.php(185): CWebApplication->processRequest()
#16 Z:\laragon\www\yii-blog\index.php(13): CApplication->run()
#17 {main}
REQUEST_URI=/index.php?ajax=yw2&id=2&r=post%2Fdelete
HTTP_REFERER=https://yii-blog.dev/index.php?r=post/admin
---
2024/08/31 13:35:45 [warning] [application] Failed to set unsafe attribute "status" of "Comment".
in Z:\laragon\www\yii-blog\protected\controllers\PostController.php (71)
in Z:\laragon\www\yii-blog\protected\controllers\PostController.php (59)
in Z:\laragon\www\yii-blog\index.php (13)
2024/08/31 13:35:45 [warning] [application] Failed to set unsafe attribute "create_time" of "Comment".
in Z:\laragon\www\yii-blog\protected\controllers\PostController.php (71)
in Z:\laragon\www\yii-blog\protected\controllers\PostController.php (59)
in Z:\laragon\www\yii-blog\index.php (13)
2024/08/31 13:35:45 [warning] [application] Failed to set unsafe attribute "post_id" of "Comment".
in Z:\laragon\www\yii-blog\protected\controllers\PostController.php (71)
in Z:\laragon\www\yii-blog\protected\controllers\PostController.php (59)
in Z:\laragon\www\yii-blog\index.php (13)
2024/08/31 13:35:49 [warning] [application] Failed to set unsafe attribute "status" of "Comment".
in Z:\laragon\www\yii-blog\protected\controllers\PostController.php (71)
in Z:\laragon\www\yii-blog\protected\controllers\PostController.php (59)
in Z:\laragon\www\yii-blog\index.php (13)
2024/08/31 13:35:49 [warning] [application] Failed to set unsafe attribute "create_time" of "Comment".
in Z:\laragon\www\yii-blog\protected\controllers\PostController.php (71)
in Z:\laragon\www\yii-blog\protected\controllers\PostController.php (59)
in Z:\laragon\www\yii-blog\index.php (13)
2024/08/31 13:35:49 [warning] [application] Failed to set unsafe attribute "post_id" of "Comment".
in Z:\laragon\www\yii-blog\protected\controllers\PostController.php (71)
in Z:\laragon\www\yii-blog\protected\controllers\PostController.php (59)
in Z:\laragon\www\yii-blog\index.php (13)
2024/08/31 13:35:59 [warning] [application] Failed to set unsafe attribute "status" of "Comment".
in Z:\laragon\www\yii-blog\protected\controllers\PostController.php (71)
in Z:\laragon\www\yii-blog\protected\controllers\PostController.php (59)
in Z:\laragon\www\yii-blog\index.php (13)
2024/08/31 13:35:59 [warning] [application] Failed to set unsafe attribute "create_time" of "Comment".
in Z:\laragon\www\yii-blog\protected\controllers\PostController.php (71)
in Z:\laragon\www\yii-blog\protected\controllers\PostController.php (59)
in Z:\laragon\www\yii-blog\index.php (13)
2024/08/31 13:35:59 [warning] [application] Failed to set unsafe attribute "post_id" of "Comment".
in Z:\laragon\www\yii-blog\protected\controllers\PostController.php (71)
in Z:\laragon\www\yii-blog\protected\controllers\PostController.php (59)
in Z:\laragon\www\yii-blog\index.php (13)
2024/08/31 13:36:02 [warning] [application] Failed to set unsafe attribute "status" of "Comment".
in Z:\laragon\www\yii-blog\protected\controllers\PostController.php (71)
in Z:\laragon\www\yii-blog\protected\controllers\PostController.php (59)
in Z:\laragon\www\yii-blog\index.php (13)
2024/08/31 13:36:02 [warning] [application] Failed to set unsafe attribute "create_time" of "Comment".
in Z:\laragon\www\yii-blog\protected\controllers\PostController.php (71)
in Z:\laragon\www\yii-blog\protected\controllers\PostController.php (59)
in Z:\laragon\www\yii-blog\index.php (13)
2024/08/31 13:36:02 [warning] [application] Failed to set unsafe attribute "post_id" of "Comment".
in Z:\laragon\www\yii-blog\protected\controllers\PostController.php (71)
in Z:\laragon\www\yii-blog\protected\controllers\PostController.php (59)
in Z:\laragon\www\yii-blog\index.php (13)
2024/08/31 13:36:07 [warning] [application] Failed to set unsafe attribute "status" of "Comment".
in Z:\laragon\www\yii-blog\protected\controllers\PostController.php (71)
in Z:\laragon\www\yii-blog\protected\controllers\PostController.php (59)
in Z:\laragon\www\yii-blog\index.php (13)
2024/08/31 13:36:07 [warning] [application] Failed to set unsafe attribute "create_time" of "Comment".
in Z:\laragon\www\yii-blog\protected\controllers\PostController.php (71)
in Z:\laragon\www\yii-blog\protected\controllers\PostController.php (59)
in Z:\laragon\www\yii-blog\index.php (13)
2024/08/31 13:36:07 [warning] [application] Failed to set unsafe attribute "post_id" of "Comment".
in Z:\laragon\www\yii-blog\protected\controllers\PostController.php (71)
in Z:\laragon\www\yii-blog\protected\controllers\PostController.php (59)
in Z:\laragon\www\yii-blog\index.php (13)
2024/08/31 13:36:09 [warning] [application] Failed to set unsafe attribute "status" of "Comment".
in Z:\laragon\www\yii-blog\protected\controllers\PostController.php (71)
in Z:\laragon\www\yii-blog\protected\controllers\PostController.php (59)
in Z:\laragon\www\yii-blog\index.php (13)
2024/08/31 13:36:09 [warning] [application] Failed to set unsafe attribute "create_time" of "Comment".
in Z:\laragon\www\yii-blog\protected\controllers\PostController.php (71)
in Z:\laragon\www\yii-blog\protected\controllers\PostController.php (59)
in Z:\laragon\www\yii-blog\index.php (13)
2024/08/31 13:36:09 [warning] [application] Failed to set unsafe attribute "post_id" of "Comment".
in Z:\laragon\www\yii-blog\protected\controllers\PostController.php (71)
in Z:\laragon\www\yii-blog\protected\controllers\PostController.php (59)
in Z:\laragon\www\yii-blog\index.php (13)
2024/08/31 13:36:09 [error] [exception.CException] CException: PostController cannot find the requested view "_comments". in Z:\laragon\www\yii1\framework\web\CController.php:881
Stack trace:
#0 Z:\laragon\www\yii-blog\protected\views\post\view.php(41): CController->renderPartial('_comments', Array)
#1 Z:\laragon\www\yii1\framework\web\CBaseController.php(126): require('Z:\\laragon\\www\\...')
#2 Z:\laragon\www\yii1\framework\web\CBaseController.php(95): CBaseController->renderInternal('Z:\\laragon\\www\\...', Array, true)
#3 Z:\laragon\www\yii1\framework\web\CController.php(872): CBaseController->renderFile('Z:\\laragon\\www\\...', Array, true)
#4 Z:\laragon\www\yii1\framework\web\CController.php(785): CController->renderPartial('view', Array, true)
#5 Z:\laragon\www\yii-blog\protected\controllers\PostController.php(61): CController->render('view', Array)
#6 [internal function]: PostController->actionView('1')
#7 Z:\laragon\www\yii1\framework\web\actions\CAction.php(114): ReflectionMethod->invokeArgs(Object(PostController), Array)
#8 Z:\laragon\www\yii1\framework\web\actions\CInlineAction.php(47): CAction->runWithParamsInternal(Object(PostController), Object(ReflectionMethod), Array)
#9 Z:\laragon\www\yii1\framework\web\CController.php(308): CInlineAction->runWithParams(Array)
#10 Z:\laragon\www\yii1\framework\web\filters\CFilterChain.php(134): CController->runAction(Object(CInlineAction))
#11 Z:\laragon\www\yii1\framework\web\filters\CFilter.php(40): CFilterChain->run()
#12 Z:\laragon\www\yii1\framework\web\CController.php(1148): CFilter->filter(Object(CFilterChain))
#13 Z:\laragon\www\yii1\framework\web\filters\CInlineFilter.php(58): CController->filterAccessControl(Object(CFilterChain))
#14 Z:\laragon\www\yii1\framework\web\filters\CFilterChain.php(131): CInlineFilter->filter(Object(CFilterChain))
#15 Z:\laragon\www\yii1\framework\web\CController.php(291): CFilterChain->run()
#16 Z:\laragon\www\yii1\framework\web\CController.php(265): CController->runActionWithFilters(Object(CInlineAction), Array)
#17 Z:\laragon\www\yii1\framework\web\CWebApplication.php(282): CController->run('view')
#18 Z:\laragon\www\yii1\framework\web\CWebApplication.php(141): CWebApplication->runController('post/view')
#19 Z:\laragon\www\yii1\framework\base\CApplication.php(185): CWebApplication->processRequest()
#20 Z:\laragon\www\yii-blog\index.php(13): CApplication->run()
#21 {main}
REQUEST_URI=/index.php?r=post/view&id=1
HTTP_REFERER=https://yii-blog.dev/index.php?r=post/view&id=1
---
2024/08/31 13:36:10 [warning] [application] Failed to set unsafe attribute "status" of "Comment".
in Z:\laragon\www\yii-blog\protected\controllers\PostController.php (71)
in Z:\laragon\www\yii-blog\protected\controllers\PostController.php (59)
in Z:\laragon\www\yii-blog\index.php (13)
2024/08/31 13:36:10 [warning] [application] Failed to set unsafe attribute "create_time" of "Comment".
in Z:\laragon\www\yii-blog\protected\controllers\PostController.php (71)
in Z:\laragon\www\yii-blog\protected\controllers\PostController.php (59)
in Z:\laragon\www\yii-blog\index.php (13)
2024/08/31 13:36:10 [warning] [application] Failed to set unsafe attribute "post_id" of "Comment".
in Z:\laragon\www\yii-blog\protected\controllers\PostController.php (71)
in Z:\laragon\www\yii-blog\protected\controllers\PostController.php (59)
in Z:\laragon\www\yii-blog\index.php (13)
2024/08/31 13:36:10 [error] [exception.CException] CException: PostController cannot find the requested view "_comments". in Z:\laragon\www\yii1\framework\web\CController.php:881
Stack trace:
#0 Z:\laragon\www\yii-blog\protected\views\post\view.php(41): CController->renderPartial('_comments', Array)
#1 Z:\laragon\www\yii1\framework\web\CBaseController.php(126): require('Z:\\laragon\\www\\...')
#2 Z:\laragon\www\yii1\framework\web\CBaseController.php(95): CBaseController->renderInternal('Z:\\laragon\\www\\...', Array, true)
#3 Z:\laragon\www\yii1\framework\web\CController.php(872): CBaseController->renderFile('Z:\\laragon\\www\\...', Array, true)
#4 Z:\laragon\www\yii1\framework\web\CController.php(785): CController->renderPartial('view', Array, true)
#5 Z:\laragon\www\yii-blog\protected\controllers\PostController.php(61): CController->render('view', Array)
#6 [internal function]: PostController->actionView('1')
#7 Z:\laragon\www\yii1\framework\web\actions\CAction.php(114): ReflectionMethod->invokeArgs(Object(PostController), Array)
#8 Z:\laragon\www\yii1\framework\web\actions\CInlineAction.php(47): CAction->runWithParamsInternal(Object(PostController), Object(ReflectionMethod), Array)
#9 Z:\laragon\www\yii1\framework\web\CController.php(308): CInlineAction->runWithParams(Array)
#10 Z:\laragon\www\yii1\framework\web\filters\CFilterChain.php(134): CController->runAction(Object(CInlineAction))
#11 Z:\laragon\www\yii1\framework\web\filters\CFilter.php(40): CFilterChain->run()
#12 Z:\laragon\www\yii1\framework\web\CController.php(1148): CFilter->filter(Object(CFilterChain))
#13 Z:\laragon\www\yii1\framework\web\filters\CInlineFilter.php(58): CController->filterAccessControl(Object(CFilterChain))
#14 Z:\laragon\www\yii1\framework\web\filters\CFilterChain.php(131): CInlineFilter->filter(Object(CFilterChain))
#15 Z:\laragon\www\yii1\framework\web\CController.php(291): CFilterChain->run()
#16 Z:\laragon\www\yii1\framework\web\CController.php(265): CController->runActionWithFilters(Object(CInlineAction), Array)
#17 Z:\laragon\www\yii1\framework\web\CWebApplication.php(282): CController->run('view')
#18 Z:\laragon\www\yii1\framework\web\CWebApplication.php(141): CWebApplication->runController('post/view')
#19 Z:\laragon\www\yii1\framework\base\CApplication.php(185): CWebApplication->processRequest()
#20 Z:\laragon\www\yii-blog\index.php(13): CApplication->run()
#21 {main}
REQUEST_URI=/index.php?r=post/view&id=1
HTTP_REFERER=https://yii-blog.dev/index.php?r=post/view&id=1
---
2024/08/31 13:36:15 [warning] [application] Failed to set unsafe attribute "status" of "Comment".
in Z:\laragon\www\yii-blog\protected\controllers\PostController.php (71)
in Z:\laragon\www\yii-blog\protected\controllers\PostController.php (59)
in Z:\laragon\www\yii-blog\index.php (13)
2024/08/31 13:36:15 [warning] [application] Failed to set unsafe attribute "create_time" of "Comment".
in Z:\laragon\www\yii-blog\protected\controllers\PostController.php (71)
in Z:\laragon\www\yii-blog\protected\controllers\PostController.php (59)
in Z:\laragon\www\yii-blog\index.php (13)
2024/08/31 13:36:15 [warning] [application] Failed to set unsafe attribute "post_id" of "Comment".
in Z:\laragon\www\yii-blog\protected\controllers\PostController.php (71)
in Z:\laragon\www\yii-blog\protected\controllers\PostController.php (59)
in Z:\laragon\www\yii-blog\index.php (13)
2024/08/31 13:36:15 [error] [exception.CException] CException: PostController cannot find the requested view "_comments". in Z:\laragon\www\yii1\framework\web\CController.php:881
Stack trace:
#0 Z:\laragon\www\yii-blog\protected\views\post\view.php(41): CController->renderPartial('_comments', Array)
#1 Z:\laragon\www\yii1\framework\web\CBaseController.php(126): require('Z:\\laragon\\www\\...')
#2 Z:\laragon\www\yii1\framework\web\CBaseController.php(95): CBaseController->renderInternal('Z:\\laragon\\www\\...', Array, true)
#3 Z:\laragon\www\yii1\framework\web\CController.php(872): CBaseController->renderFile('Z:\\laragon\\www\\...', Array, true)
#4 Z:\laragon\www\yii1\framework\web\CController.php(785): CController->renderPartial('view', Array, true)
#5 Z:\laragon\www\yii-blog\protected\controllers\PostController.php(61): CController->render('view', Array)
#6 [internal function]: PostController->actionView('1')
#7 Z:\laragon\www\yii1\framework\web\actions\CAction.php(114): ReflectionMethod->invokeArgs(Object(PostController), Array)
#8 Z:\laragon\www\yii1\framework\web\actions\CInlineAction.php(47): CAction->runWithParamsInternal(Object(PostController), Object(ReflectionMethod), Array)
#9 Z:\laragon\www\yii1\framework\web\CController.php(308): CInlineAction->runWithParams(Array)
#10 Z:\laragon\www\yii1\framework\web\filters\CFilterChain.php(134): CController->runAction(Object(CInlineAction))
#11 Z:\laragon\www\yii1\framework\web\filters\CFilter.php(40): CFilterChain->run()
#12 Z:\laragon\www\yii1\framework\web\CController.php(1148): CFilter->filter(Object(CFilterChain))
#13 Z:\laragon\www\yii1\framework\web\filters\CInlineFilter.php(58): CController->filterAccessControl(Object(CFilterChain))
#14 Z:\laragon\www\yii1\framework\web\filters\CFilterChain.php(131): CInlineFilter->filter(Object(CFilterChain))
#15 Z:\laragon\www\yii1\framework\web\CController.php(291): CFilterChain->run()
#16 Z:\laragon\www\yii1\framework\web\CController.php(265): CController->runActionWithFilters(Object(CInlineAction), Array)
#17 Z:\laragon\www\yii1\framework\web\CWebApplication.php(282): CController->run('view')
#18 Z:\laragon\www\yii1\framework\web\CWebApplication.php(141): CWebApplication->runController('post/view')
#19 Z:\laragon\www\yii1\framework\base\CApplication.php(185): CWebApplication->processRequest()
#20 Z:\laragon\www\yii-blog\index.php(13): CApplication->run()
#21 {main}
REQUEST_URI=/index.php?r=post/view&id=1
HTTP_REFERER=https://yii-blog.dev/index.php?r=post/view&id=1
---
2024/08/31 13:36:15 [warning] [application] Failed to set unsafe attribute "status" of "Comment".
in Z:\laragon\www\yii-blog\protected\controllers\PostController.php (71)
in Z:\laragon\www\yii-blog\protected\controllers\PostController.php (59)
in Z:\laragon\www\yii-blog\index.php (13)
2024/08/31 13:36:15 [warning] [application] Failed to set unsafe attribute "create_time" of "Comment".
in Z:\laragon\www\yii-blog\protected\controllers\PostController.php (71)
in Z:\laragon\www\yii-blog\protected\controllers\PostController.php (59)
in Z:\laragon\www\yii-blog\index.php (13)
2024/08/31 13:36:15 [warning] [application] Failed to set unsafe attribute "post_id" of "Comment".
in Z:\laragon\www\yii-blog\protected\controllers\PostController.php (71)
in Z:\laragon\www\yii-blog\protected\controllers\PostController.php (59)
in Z:\laragon\www\yii-blog\index.php (13)
2024/08/31 13:36:15 [error] [exception.CException] CException: PostController cannot find the requested view "_comments". in Z:\laragon\www\yii1\framework\web\CController.php:881
Stack trace:
#0 Z:\laragon\www\yii-blog\protected\views\post\view.php(41): CController->renderPartial('_comments', Array)
#1 Z:\laragon\www\yii1\framework\web\CBaseController.php(126): require('Z:\\laragon\\www\\...')
#2 Z:\laragon\www\yii1\framework\web\CBaseController.php(95): CBaseController->renderInternal('Z:\\laragon\\www\\...', Array, true)
#3 Z:\laragon\www\yii1\framework\web\CController.php(872): CBaseController->renderFile('Z:\\laragon\\www\\...', Array, true)
#4 Z:\laragon\www\yii1\framework\web\CController.php(785): CController->renderPartial('view', Array, true)
#5 Z:\laragon\www\yii-blog\protected\controllers\PostController.php(61): CController->render('view', Array)
#6 [internal function]: PostController->actionView('1')
#7 Z:\laragon\www\yii1\framework\web\actions\CAction.php(114): ReflectionMethod->invokeArgs(Object(PostController), Array)
#8 Z:\laragon\www\yii1\framework\web\actions\CInlineAction.php(47): CAction->runWithParamsInternal(Object(PostController), Object(ReflectionMethod), Array)
#9 Z:\laragon\www\yii1\framework\web\CController.php(308): CInlineAction->runWithParams(Array)
#10 Z:\laragon\www\yii1\framework\web\filters\CFilterChain.php(134): CController->runAction(Object(CInlineAction))
#11 Z:\laragon\www\yii1\framework\web\filters\CFilter.php(40): CFilterChain->run()
#12 Z:\laragon\www\yii1\framework\web\CController.php(1148): CFilter->filter(Object(CFilterChain))
#13 Z:\laragon\www\yii1\framework\web\filters\CInlineFilter.php(58): CController->filterAccessControl(Object(CFilterChain))
#14 Z:\laragon\www\yii1\framework\web\filters\CFilterChain.php(131): CInlineFilter->filter(Object(CFilterChain))
#15 Z:\laragon\www\yii1\framework\web\CController.php(291): CFilterChain->run()
#16 Z:\laragon\www\yii1\framework\web\CController.php(265): CController->runActionWithFilters(Object(CInlineAction), Array)
#17 Z:\laragon\www\yii1\framework\web\CWebApplication.php(282): CController->run('view')
#18 Z:\laragon\www\yii1\framework\web\CWebApplication.php(141): CWebApplication->runController('post/view')
#19 Z:\laragon\www\yii1\framework\base\CApplication.php(185): CWebApplication->processRequest()
#20 Z:\laragon\www\yii-blog\index.php(13): CApplication->run()
#21 {main}
REQUEST_URI=/index.php?r=post/view&id=1
HTTP_REFERER=https://yii-blog.dev/index.php?r=post/view&id=1
---
2024/08/31 13:38:02 [warning] [application] Failed to set unsafe attribute "status" of "Comment".
in Z:\laragon\www\yii-blog\protected\controllers\PostController.php (71)
in Z:\laragon\www\yii-blog\protected\controllers\PostController.php (59)
in Z:\laragon\www\yii-blog\index.php (13)
2024/08/31 13:38:02 [warning] [application] Failed to set unsafe attribute "create_time" of "Comment".
in Z:\laragon\www\yii-blog\protected\controllers\PostController.php (71)
in Z:\laragon\www\yii-blog\protected\controllers\PostController.php (59)
in Z:\laragon\www\yii-blog\index.php (13)
2024/08/31 13:38:02 [warning] [application] Failed to set unsafe attribute "post_id" of "Comment".
in Z:\laragon\www\yii-blog\protected\controllers\PostController.php (71)
in Z:\laragon\www\yii-blog\protected\controllers\PostController.php (59)
in Z:\laragon\www\yii-blog\index.php (13)
2024/08/31 13:38:02 [error] [exception.CException] CException: Comment and its behaviors do not have a method or closure named "getUrl". in Z:\laragon\www\yii1\framework\base\CComponent.php:264
Stack trace:
#0 Z:\laragon\www\yii1\framework\db\ar\CActiveRecord.php(229): CComponent->__call('getUrl', Array)
#1 Z:\laragon\www\yii-blog\protected\views\post\_comments.php(4): CActiveRecord->__call('getUrl', Array)
#2 Z:\laragon\www\yii1\framework\web\CBaseController.php(126): require('Z:\\laragon\\www\\...')
#3 Z:\laragon\www\yii1\framework\web\CBaseController.php(95): CBaseController->renderInternal('Z:\\laragon\\www\\...', Array, true)
#4 Z:\laragon\www\yii1\framework\web\CController.php(872): CBaseController->renderFile('Z:\\laragon\\www\\...', Array, true)
#5 Z:\laragon\www\yii-blog\protected\views\post\view.php(41): CController->renderPartial('_comments', Array)
#6 Z:\laragon\www\yii1\framework\web\CBaseController.php(126): require('Z:\\laragon\\www\\...')
#7 Z:\laragon\www\yii1\framework\web\CBaseController.php(95): CBaseController->renderInternal('Z:\\laragon\\www\\...', Array, true)
#8 Z:\laragon\www\yii1\framework\web\CController.php(872): CBaseController->renderFile('Z:\\laragon\\www\\...', Array, true)
#9 Z:\laragon\www\yii1\framework\web\CController.php(785): CController->renderPartial('view', Array, true)
#10 Z:\laragon\www\yii-blog\protected\controllers\PostController.php(61): CController->render('view', Array)
#11 [internal function]: PostController->actionView('1')
#12 Z:\laragon\www\yii1\framework\web\actions\CAction.php(114): ReflectionMethod->invokeArgs(Object(PostController), Array)
#13 Z:\laragon\www\yii1\framework\web\actions\CInlineAction.php(47): CAction->runWithParamsInternal(Object(PostController), Object(ReflectionMethod), Array)
#14 Z:\laragon\www\yii1\framework\web\CController.php(308): CInlineAction->runWithParams(Array)
#15 Z:\laragon\www\yii1\framework\web\filters\CFilterChain.php(134): CController->runAction(Object(CInlineAction))
#16 Z:\laragon\www\yii1\framework\web\filters\CFilter.php(40): CFilterChain->run()
#17 Z:\laragon\www\yii1\framework\web\CController.php(1148): CFilter->filter(Object(CFilterChain))
#18 Z:\laragon\www\yii1\framework\web\filters\CInlineFilter.php(58): CController->filterAccessControl(Object(CFilterChain))
#19 Z:\laragon\www\yii1\framework\web\filters\CFilterChain.php(131): CInlineFilter->filter(Object(CFilterChain))
#20 Z:\laragon\www\yii1\framework\web\CController.php(291): CFilterChain->run()
#21 Z:\laragon\www\yii1\framework\web\CController.php(265): CController->runActionWithFilters(Object(CInlineAction), Array)
#22 Z:\laragon\www\yii1\framework\web\CWebApplication.php(282): CController->run('view')
#23 Z:\laragon\www\yii1\framework\web\CWebApplication.php(141): CWebApplication->runController('post/view')
#24 Z:\laragon\www\yii1\framework\base\CApplication.php(185): CWebApplication->processRequest()
#25 Z:\laragon\www\yii-blog\index.php(13): CApplication->run()
#26 {main}
REQUEST_URI=/index.php?r=post/view&id=1
HTTP_REFERER=https://yii-blog.dev/index.php?r=post/view&id=1
---
2024/08/31 13:39:32 [warning] [application] Failed to set unsafe attribute "status" of "Comment".
in Z:\laragon\www\yii-blog\protected\controllers\PostController.php (71)
in Z:\laragon\www\yii-blog\protected\controllers\PostController.php (59)
in Z:\laragon\www\yii-blog\index.php (13)
2024/08/31 13:39:32 [warning] [application] Failed to set unsafe attribute "create_time" of "Comment".
in Z:\laragon\www\yii-blog\protected\controllers\PostController.php (71)
in Z:\laragon\www\yii-blog\protected\controllers\PostController.php (59)
in Z:\laragon\www\yii-blog\index.php (13)
2024/08/31 13:39:32 [warning] [application] Failed to set unsafe attribute "post_id" of "Comment".
in Z:\laragon\www\yii-blog\protected\controllers\PostController.php (71)
in Z:\laragon\www\yii-blog\protected\controllers\PostController.php (59)
in Z:\laragon\www\yii-blog\index.php (13)
2024/08/31 13:39:32 [error] [exception.CException] CException: Property "Comment.title" is not defined. in Z:\laragon\www\yii1\framework\base\CComponent.php:130
Stack trace:
#0 Z:\laragon\www\yii1\framework\db\ar\CActiveRecord.php(145): CComponent->__get('title')
#1 Z:\laragon\www\yii-blog\protected\models\Comment.php(143): CActiveRecord->__get('title')
#2 Z:\laragon\www\yii-blog\protected\views\post\_comments.php(4): Comment->getUrl(Object(Post))
#3 Z:\laragon\www\yii1\framework\web\CBaseController.php(126): require('Z:\\laragon\\www\\...')
#4 Z:\laragon\www\yii1\framework\web\CBaseController.php(95): CBaseController->renderInternal('Z:\\laragon\\www\\...', Array, true)
#5 Z:\laragon\www\yii1\framework\web\CController.php(872): CBaseController->renderFile('Z:\\laragon\\www\\...', Array, true)
#6 Z:\laragon\www\yii-blog\protected\views\post\view.php(41): CController->renderPartial('_comments', Array)
#7 Z:\laragon\www\yii1\framework\web\CBaseController.php(126): require('Z:\\laragon\\www\\...')
#8 Z:\laragon\www\yii1\framework\web\CBaseController.php(95): CBaseController->renderInternal('Z:\\laragon\\www\\...', Array, true)
#9 Z:\laragon\www\yii1\framework\web\CController.php(872): CBaseController->renderFile('Z:\\laragon\\www\\...', Array, true)
#10 Z:\laragon\www\yii1\framework\web\CController.php(785): CController->renderPartial('view', Array, true)
#11 Z:\laragon\www\yii-blog\protected\controllers\PostController.php(61): CController->render('view', Array)
#12 [internal function]: PostController->actionView('1')
#13 Z:\laragon\www\yii1\framework\web\actions\CAction.php(114): ReflectionMethod->invokeArgs(Object(PostController), Array)
#14 Z:\laragon\www\yii1\framework\web\actions\CInlineAction.php(47): CAction->runWithParamsInternal(Object(PostController), Object(ReflectionMethod), Array)
#15 Z:\laragon\www\yii1\framework\web\CController.php(308): CInlineAction->runWithParams(Array)
#16 Z:\laragon\www\yii1\framework\web\filters\CFilterChain.php(134): CController->runAction(Object(CInlineAction))
#17 Z:\laragon\www\yii1\framework\web\filters\CFilter.php(40): CFilterChain->run()
#18 Z:\laragon\www\yii1\framework\web\CController.php(1148): CFilter->filter(Object(CFilterChain))
#19 Z:\laragon\www\yii1\framework\web\filters\CInlineFilter.php(58): CController->filterAccessControl(Object(CFilterChain))
#20 Z:\laragon\www\yii1\framework\web\filters\CFilterChain.php(131): CInlineFilter->filter(Object(CFilterChain))
#21 Z:\laragon\www\yii1\framework\web\CController.php(291): CFilterChain->run()
#22 Z:\laragon\www\yii1\framework\web\CController.php(265): CController->runActionWithFilters(Object(CInlineAction), Array)
#23 Z:\laragon\www\yii1\framework\web\CWebApplication.php(282): CController->run('view')
#24 Z:\laragon\www\yii1\framework\web\CWebApplication.php(141): CWebApplication->runController('post/view')
#25 Z:\laragon\www\yii1\framework\base\CApplication.php(185): CWebApplication->processRequest()
#26 Z:\laragon\www\yii-blog\index.php(13): CApplication->run()
#27 {main}
REQUEST_URI=/index.php?r=post/view&id=1
HTTP_REFERER=https://yii-blog.dev/index.php?r=post/view&id=1
---
2024/08/31 13:39:39 [error] [exception.CException] CException: Property "Comment.title" is not defined. in Z:\laragon\www\yii1\framework\base\CComponent.php:130
Stack trace:
#0 Z:\laragon\www\yii1\framework\db\ar\CActiveRecord.php(145): CComponent->__get('title')
#1 Z:\laragon\www\yii-blog\protected\models\Comment.php(143): CActiveRecord->__get('title')
#2 Z:\laragon\www\yii-blog\protected\views\post\_comments.php(4): Comment->getUrl(Object(Post))
#3 Z:\laragon\www\yii1\framework\web\CBaseController.php(126): require('Z:\\laragon\\www\\...')
#4 Z:\laragon\www\yii1\framework\web\CBaseController.php(95): CBaseController->renderInternal('Z:\\laragon\\www\\...', Array, true)
#5 Z:\laragon\www\yii1\framework\web\CController.php(872): CBaseController->renderFile('Z:\\laragon\\www\\...', Array, true)
#6 Z:\laragon\www\yii-blog\protected\views\post\view.php(41): CController->renderPartial('_comments', Array)
#7 Z:\laragon\www\yii1\framework\web\CBaseController.php(126): require('Z:\\laragon\\www\\...')
#8 Z:\laragon\www\yii1\framework\web\CBaseController.php(95): CBaseController->renderInternal('Z:\\laragon\\www\\...', Array, true)
#9 Z:\laragon\www\yii1\framework\web\CController.php(872): CBaseController->renderFile('Z:\\laragon\\www\\...', Array, true)
#10 Z:\laragon\www\yii1\framework\web\CController.php(785): CController->renderPartial('view', Array, true)
#11 Z:\laragon\www\yii-blog\protected\controllers\PostController.php(61): CController->render('view', Array)
#12 [internal function]: PostController->actionView('1')
#13 Z:\laragon\www\yii1\framework\web\actions\CAction.php(114): ReflectionMethod->invokeArgs(Object(PostController), Array)
#14 Z:\laragon\www\yii1\framework\web\actions\CInlineAction.php(47): CAction->runWithParamsInternal(Object(PostController), Object(ReflectionMethod), Array)
#15 Z:\laragon\www\yii1\framework\web\CController.php(308): CInlineAction->runWithParams(Array)
#16 Z:\laragon\www\yii1\framework\web\filters\CFilterChain.php(134): CController->runAction(Object(CInlineAction))
#17 Z:\laragon\www\yii1\framework\web\filters\CFilter.php(40): CFilterChain->run()
#18 Z:\laragon\www\yii1\framework\web\CController.php(1148): CFilter->filter(Object(CFilterChain))
#19 Z:\laragon\www\yii1\framework\web\filters\CInlineFilter.php(58): CController->filterAccessControl(Object(CFilterChain))
#20 Z:\laragon\www\yii1\framework\web\filters\CFilterChain.php(131): CInlineFilter->filter(Object(CFilterChain))
#21 Z:\laragon\www\yii1\framework\web\CController.php(291): CFilterChain->run()
#22 Z:\laragon\www\yii1\framework\web\CController.php(265): CController->runActionWithFilters(Object(CInlineAction), Array)
#23 Z:\laragon\www\yii1\framework\web\CWebApplication.php(282): CController->run('view')
#24 Z:\laragon\www\yii1\framework\web\CWebApplication.php(141): CWebApplication->runController('post/view')
#25 Z:\laragon\www\yii1\framework\base\CApplication.php(185): CWebApplication->processRequest()
#26 Z:\laragon\www\yii-blog\index.php(13): CApplication->run()
#27 {main}
REQUEST_URI=/index.php?r=post/view&id=1
---
2024/08/31 13:39:48 [error] [exception.CException] CException: Property "Comment.title" is not defined. in Z:\laragon\www\yii1\framework\base\CComponent.php:130
Stack trace:
#0 Z:\laragon\www\yii1\framework\db\ar\CActiveRecord.php(145): CComponent->__get('title')
#1 Z:\laragon\www\yii-blog\protected\models\Comment.php(143): CActiveRecord->__get('title')
#2 Z:\laragon\www\yii-blog\protected\views\post\_comments.php(4): Comment->getUrl(Object(Post))
#3 Z:\laragon\www\yii1\framework\web\CBaseController.php(126): require('Z:\\laragon\\www\\...')
#4 Z:\laragon\www\yii1\framework\web\CBaseController.php(95): CBaseController->renderInternal('Z:\\laragon\\www\\...', Array, true)
#5 Z:\laragon\www\yii1\framework\web\CController.php(872): CBaseController->renderFile('Z:\\laragon\\www\\...', Array, true)
#6 Z:\laragon\www\yii-blog\protected\views\post\view.php(41): CController->renderPartial('_comments', Array)
#7 Z:\laragon\www\yii1\framework\web\CBaseController.php(126): require('Z:\\laragon\\www\\...')
#8 Z:\laragon\www\yii1\framework\web\CBaseController.php(95): CBaseController->renderInternal('Z:\\laragon\\www\\...', Array, true)
#9 Z:\laragon\www\yii1\framework\web\CController.php(872): CBaseController->renderFile('Z:\\laragon\\www\\...', Array, true)
#10 Z:\laragon\www\yii1\framework\web\CController.php(785): CController->renderPartial('view', Array, true)
#11 Z:\laragon\www\yii-blog\protected\controllers\PostController.php(61): CController->render('view', Array)
#12 [internal function]: PostController->actionView('1')
#13 Z:\laragon\www\yii1\framework\web\actions\CAction.php(114): ReflectionMethod->invokeArgs(Object(PostController), Array)
#14 Z:\laragon\www\yii1\framework\web\actions\CInlineAction.php(47): CAction->runWithParamsInternal(Object(PostController), Object(ReflectionMethod), Array)
#15 Z:\laragon\www\yii1\framework\web\CController.php(308): CInlineAction->runWithParams(Array)
#16 Z:\laragon\www\yii1\framework\web\filters\CFilterChain.php(134): CController->runAction(Object(CInlineAction))
#17 Z:\laragon\www\yii1\framework\web\filters\CFilter.php(40): CFilterChain->run()
#18 Z:\laragon\www\yii1\framework\web\CController.php(1148): CFilter->filter(Object(CFilterChain))
#19 Z:\laragon\www\yii1\framework\web\filters\CInlineFilter.php(58): CController->filterAccessControl(Object(CFilterChain))
#20 Z:\laragon\www\yii1\framework\web\filters\CFilterChain.php(131): CInlineFilter->filter(Object(CFilterChain))
#21 Z:\laragon\www\yii1\framework\web\CController.php(291): CFilterChain->run()
#22 Z:\laragon\www\yii1\framework\web\CController.php(265): CController->runActionWithFilters(Object(CInlineAction), Array)
#23 Z:\laragon\www\yii1\framework\web\CWebApplication.php(282): CController->run('view')
#24 Z:\laragon\www\yii1\framework\web\CWebApplication.php(141): CWebApplication->runController('post/view')
#25 Z:\laragon\www\yii1\framework\base\CApplication.php(185): CWebApplication->processRequest()
#26 Z:\laragon\www\yii-blog\index.php(13): CApplication->run()
#27 {main}
REQUEST_URI=/index.php?r=post/view&id=1
HTTP_REFERER=https://yii-blog.dev/index.php?r=post
---
2024/08/31 13:40:21 [error] [exception.CException] CException: Comment and its behaviors do not have a method or closure named "getUrl". in Z:\laragon\www\yii1\framework\base\CComponent.php:264
Stack trace:
#0 Z:\laragon\www\yii1\framework\db\ar\CActiveRecord.php(229): CComponent->__call('getUrl', Array)
#1 Z:\laragon\www\yii-blog\protected\views\post\_comments.php(4): CActiveRecord->__call('getUrl', Array)
#2 Z:\laragon\www\yii1\framework\web\CBaseController.php(126): require('Z:\\laragon\\www\\...')
#3 Z:\laragon\www\yii1\framework\web\CBaseController.php(95): CBaseController->renderInternal('Z:\\laragon\\www\\...', Array, true)
#4 Z:\laragon\www\yii1\framework\web\CController.php(872): CBaseController->renderFile('Z:\\laragon\\www\\...', Array, true)
#5 Z:\laragon\www\yii-blog\protected\views\post\view.php(41): CController->renderPartial('_comments', Array)
#6 Z:\laragon\www\yii1\framework\web\CBaseController.php(126): require('Z:\\laragon\\www\\...')
#7 Z:\laragon\www\yii1\framework\web\CBaseController.php(95): CBaseController->renderInternal('Z:\\laragon\\www\\...', Array, true)
#8 Z:\laragon\www\yii1\framework\web\CController.php(872): CBaseController->renderFile('Z:\\laragon\\www\\...', Array, true)
#9 Z:\laragon\www\yii1\framework\web\CController.php(785): CController->renderPartial('view', Array, true)
#10 Z:\laragon\www\yii-blog\protected\controllers\PostController.php(61): CController->render('view', Array)
#11 [internal function]: PostController->actionView('1')
#12 Z:\laragon\www\yii1\framework\web\actions\CAction.php(114): ReflectionMethod->invokeArgs(Object(PostController), Array)
#13 Z:\laragon\www\yii1\framework\web\actions\CInlineAction.php(47): CAction->runWithParamsInternal(Object(PostController), Object(ReflectionMethod), Array)
#14 Z:\laragon\www\yii1\framework\web\CController.php(308): CInlineAction->runWithParams(Array)
#15 Z:\laragon\www\yii1\framework\web\filters\CFilterChain.php(134): CController->runAction(Object(CInlineAction))
#16 Z:\laragon\www\yii1\framework\web\filters\CFilter.php(40): CFilterChain->run()
#17 Z:\laragon\www\yii1\framework\web\CController.php(1148): CFilter->filter(Object(CFilterChain))
#18 Z:\laragon\www\yii1\framework\web\filters\CInlineFilter.php(58): CController->filterAccessControl(Object(CFilterChain))
#19 Z:\laragon\www\yii1\framework\web\filters\CFilterChain.php(131): CInlineFilter->filter(Object(CFilterChain))
#20 Z:\laragon\www\yii1\framework\web\CController.php(291): CFilterChain->run()
#21 Z:\laragon\www\yii1\framework\web\CController.php(265): CController->runActionWithFilters(Object(CInlineAction), Array)
#22 Z:\laragon\www\yii1\framework\web\CWebApplication.php(282): CController->run('view')
#23 Z:\laragon\www\yii1\framework\web\CWebApplication.php(141): CWebApplication->runController('post/view')
#24 Z:\laragon\www\yii1\framework\base\CApplication.php(185): CWebApplication->processRequest()
#25 Z:\laragon\www\yii-blog\index.php(13): CApplication->run()
#26 {main}
REQUEST_URI=/index.php?r=post/view&id=1
HTTP_REFERER=https://yii-blog.dev/index.php?r=post
---
